Containers:
  [+] MainContainer:
   |            ID: 0x0000000000000000
   |        Bounds: IsValid=false, Min=(X=0.000 Y=0.000 Z=0.000), Max=(X=0.000 Y=0.000 Z=0.000)
   |     Transform: 0.000000,0.000000,0.000000|0.000000,0.000000,-0.000000|1.000000,1.000000,1.000000
   |     Container: /Game/FirstPerson/Maps/FirstPersonMap
   |  ActorDescs:
   |      - Guid:21262252453B37957EF29F82ABA2413B Class:TextRenderActor Name:TextRenderActor_1 SpatiallyLoaded:true Bounds:IsValid=true, Min=(X=-0.100 Y=1100.000 Z=65.013), Max=(X=-0.100 Y=2363.461 Z=215.013) RuntimeGrid:None EditorOnly:false LevelBoundsRelevant:true HLODRelevant:false FolderPath:None FolderGuid:00000000000000000000000000000000 Parent:00000000000000000000000000000000
   |      - Guid:5FE7584649BB6F09265329A6C57CFD0D Class:VolumetricCloud Name:VolumetricCloud_0 SpatiallyLoaded:false Bounds:IsValid=true, Min=(X=0.000 Y=0.000 Z=820.000), Max=(X=0.000 Y=0.000 Z=820.000) RuntimeGrid:None EditorOnly:false LevelBoundsRelevant:false HLODRelevant:false FolderPath:Lighting FolderGuid:0BA5F0A04EADB18E70D5B180D08FA34B Parent:00000000000000000000000000000000
   |      - Guid:61391D344900612A77DFC3BA3E354907 Class:ExponentialHeightFog Name:ExponentialHeightFog_0 SpatiallyLoaded:false Bounds:IsValid=true, Min=(X=-5600.000 Y=-50.000 Z=-6850.000), Max=(X=-5600.000 Y=-50.000 Z=-6850.000) RuntimeGrid:None EditorOnly:false LevelBoundsRelevant:false HLODRelevant:false FolderPath:Lighting FolderGuid:0BA5F0A04EADB18E70D5B180D08FA34B Parent:00000000000000000000000000000000
   |      - Guid:6FEFB3BD4EB37B849EF0D4AC80F83855 Class:WorldDataLayers Name:WorldDataLayers SpatiallyLoaded:false Bounds:IsValid=true, Min=(X=0.000 Y=0.000 Z=0.000), Max=(X=0.000 Y=0.000 Z=0.000) RuntimeGrid:None EditorOnly:false LevelBoundsRelevant:false HLODRelevant:false FolderPath:None FolderGuid:00000000000000000000000000000000 Parent:00000000000000000000000000000000
   |      - Guid:78CAF7514C7533F30BD2F19A017AAB65 Class:StaticMeshActor Name:StaticMeshActor_0 SpatiallyLoaded:true Bounds:IsValid=true, Min=(X=-1600.000 Y=-2320.000 Z=-50.000), Max=(X=6100.000 Y=4455.000 Z=0.000) RuntimeGrid:None EditorOnly:false LevelBoundsRelevant:true HLODRelevant:true FolderPath:Playground FolderGuid:6C02BB504B69D1F3D7A624B130C18E5B Parent:00000000000000000000000000000000
   |      - Guid:A354B1B24E617A525DC6B48CCDE2417E Class:PlayerStart Name:PlayerStart_0 SpatiallyLoaded:false Bounds:IsValid=true, Min=(X=1700.000 Y=-2210.000 Z=0.013), Max=(X=1780.000 Y=-2130.000 Z=184.013) RuntimeGrid:None EditorOnly:false LevelBoundsRelevant:true HLODRelevant:false FolderPath:None FolderGuid:00000000000000000000000000000000 Parent:00000000000000000000000000000000
   |      - Guid:C0C56B9644AE3D40CAFF6A878DB29844 Class:StaticMeshActor Name:StaticMeshActor_UAID_A4AE111137DC5EFB00_2001720423 SpatiallyLoaded:true Bounds:IsValid=true, Min=(X=-1638400.000 Y=-1638400.000 Z=-1638400.000), Max=(X=1638400.000 Y=1638400.000 Z=1638400.000) RuntimeGrid:None EditorOnly:false LevelBoundsRelevant:true HLODRelevant:true FolderPath:Lighting FolderGuid:0BA5F0A04EADB18E70D5B180D08FA34B Parent:00000000000000000000000000000000
   |      - Guid:C22CE07C4B87D685137FDBBC10FC92C6 Class:SkyAtmosphere Name:SkyAtmosphere_0 SpatiallyLoaded:false Bounds:IsValid=true, Min=(X=0.000 Y=0.000 Z=1020.000), Max=(X=0.000 Y=0.000 Z=1020.000) RuntimeGrid:None EditorOnly:false LevelBoundsRelevant:false HLODRelevant:false FolderPath:Lighting FolderGuid:0BA5F0A04EADB18E70D5B180D08FA34B Parent:00000000000000000000000000000000
   |      - Guid:C993041B4A9133BA33DC6F95AA930AB1 Class:StaticMeshActor Name:StaticMeshActor_UAID_0A002700000DC13701_1138779207 SpatiallyLoaded:true Bounds:IsValid=true, Min=(X=-1715.899 Y=-2426.212 Z=-1.605), Max=(X=5740.970 Y=4291.561 Z=198.742) RuntimeGrid:None EditorOnly:false LevelBoundsRelevant:true HLODRelevant:true FolderPath:None FolderGuid:00000000000000000000000000000000 Parent:00000000000000000000000000000000
   |      - Guid:CE8D82634660FCDB3120E2B8D547C533 Class:PostProcessVolume Name:PostProcessVolume_0 SpatiallyLoaded:false Bounds:IsValid=true, Min=(X=0.000 Y=0.000 Z=400.000), Max=(X=200.000 Y=200.000 Z=600.000) RuntimeGrid:None EditorOnly:false LevelBoundsRelevant:false HLODRelevant:false FolderPath:Lighting FolderGuid:0BA5F0A04EADB18E70D5B180D08FA34B Parent:00000000000000000000000000000000
   |      - Guid:E5320C1B4FD9764CE7B54D8487AEC613 Class:SkyLight Name:SkyLight_0 SpatiallyLoaded:false Bounds:IsValid=true, Min=(X=0.000 Y=0.000 Z=690.000), Max=(X=0.000 Y=0.000 Z=690.000) RuntimeGrid:None EditorOnly:false LevelBoundsRelevant:false HLODRelevant:false FolderPath:Lighting FolderGuid:0BA5F0A04EADB18E70D5B180D08FA34B Parent:00000000000000000000000000000000
   |      - Guid:EE66F4454A4A9F99393F559AB739C05E Class:Actor Name:BP_Rifle_C_1 SpatiallyLoaded:true Bounds:IsValid=true, Min=(X=1378.000 Y=818.000 Z=64.000), Max=(X=1442.000 Y=907.440 Z=128.000) RuntimeGrid:None EditorOnly:false LevelBoundsRelevant:true HLODRelevant:false FolderPath:None FolderGuid:00000000000000000000000000000000 Parent:00000000000000000000000000000000
   |      - Guid:F80621C9446867154938FE81375207DA Class:DirectionalLight Name:DirectionalLight_1 SpatiallyLoaded:false Bounds:IsValid=true, Min=(X=-1048576.000 Y=-1048576.000 Z=-1048576.000), Max=(X=1048576.000 Y=1048576.000 Z=1048576.000) RuntimeGrid:None EditorOnly:false LevelBoundsRelevant:false HLODRelevant:false FolderPath:Lighting FolderGuid:0BA5F0A04EADB18E70D5B180D08FA34B Parent:00000000000000000000000000000000
